<?xml version="1.0" encoding="UTF-8" ?>
<testsuite tests="12" failures="3" name="com.stout.order.OrderTest" time="0.023" errors="0" skipped="0">
  <properties>
[...]
</properties>
  <testcase classname="com.stout.order.OrderTest" name="com.stout.order.OrderTest.testCompareToNegative" time="0.023">
    <failure type="java.lang.NullPointerException">java.lang.NullPointerException
	at com.stout.order.Order.compareTo(Order.java:94)
	at com.stout.order.OrderTest.testCompareToNegative(OrderTest.java:156)
</failure>
    <system-out>compareTo
</system-out>
  </testcase>
  <testcase classname="com.stout.order.OrderTest" name="com.stout.order.OrderTest.testGetHighestAllowedOrderDate" time="0"/>
  <testcase classname="com.stout.order.OrderTest" name="com.stout.order.OrderTest.testCompareToPositive" time="0">
    <failure type="java.lang.NullPointerException">java.lang.NullPointerException
	at com.stout.order.Order.compareTo(Order.java:94)
	at com.stout.order.OrderTest.testCompareToPositive(OrderTest.java:145)
</failure>
    <system-out>compareTo
</system-out>
  </testcase>
  <testcase classname="com.stout.order.OrderTest" name="com.stout.order.OrderTest.testGetLowestAllowedOrderDate" time="0"/>
  <testcase classname="com.stout.order.OrderTest" name="com.stout.order.OrderTest.testGetOrderNumber" time="0"/>
  <testcase classname="com.stout.order.OrderTest" name="com.stout.order.OrderTest.testSetOrderNumber" time="0"/>
  <testcase classname="com.stout.order.OrderTest" name="com.stout.order.OrderTest.testSetOrderDate" time="0"/>
  <testcase classname="com.stout.order.OrderTest" name="com.stout.order.OrderTest.testGetOrderDate" time="0"/>
  <testcase classname="com.stout.order.OrderTest" name="com.stout.order.OrderTest.testToString" time="0"/>
  <testcase classname="com.stout.order.OrderTest" name="com.stout.order.OrderTest.testGetVendorID" time="0"/>
  <testcase classname="com.stout.order.OrderTest" name="com.stout.order.OrderTest.testSetVendorID" time="0"/>
  <testcase classname="com.stout.order.OrderTest" name="com.stout.order.OrderTest.testCompareToEqual" time="0">
    <failure type="java.lang.NullPointerException">java.lang.NullPointerException
	at com.stout.order.Order.compareTo(Order.java:94)
	at com.stout.order.OrderTest.testCompareToEqual(OrderTest.java:167)
</failure>
    <system-out>compareTo
</system-out>
  </testcase>
</testsuite>